\BOOKMARK [0][-]{chapter.1}{\376\377\000M\036\337\000\040\001\021\036\247\000u}{}% 1
\BOOKMARK [0][-]{chapter.2}{\376\377\000T\036\325\000n\000g\000\040\000q\000u\000a\000n\000\040\000v\036\301\000\040\0005\000G\000/\000N\000R\000.}{}% 2
\BOOKMARK [1][-]{section.2.1}{\376\377\000K\000i\036\277\000n\000\040\000t\000r\000\372\000c\000.}{chapter.2}% 3
\BOOKMARK [1][-]{section.2.2}{\376\377\000L\000u\036\323\000n\000g\000\040\000d\036\357\000\040\000l\000i\036\307\000u\000\040\000t\000r\000o\000n\000g\000\040\000h\036\307\000\040\000t\000h\036\321\000n\000g\000.}{chapter.2}% 4
\BOOKMARK [1][-]{section.2.3}{\376\377\000L\036\333\000p\000\040\000v\036\255\000t\000\040\000l\000\375}{chapter.2}% 5
\BOOKMARK [2][-]{subsection.2.3.1}{\376\377\000F\000r\000a\000m\000e\000\040\000S\000t\000r\000u\000c\000t\000u\000r\000e\000.}{section.2.3}% 6
\BOOKMARK [1][-]{section.2.4}{\376\377\000D\036\241\000n\000g\000\040\000s\000\363\000n\000g\000.}{chapter.2}% 7
\BOOKMARK [0][-]{chapter.3}{\376\377\000S\000i\000n\000h\000\040\000v\000\340\000\040\000p\000h\000\341\000t\000\040\000h\000i\036\307\000n\000\040\000c\000h\000u\036\327\000i\000\040\000d\036\361\000a\000\040\000t\000r\000\352\000n\000\040\000t\001\260\001\241\000n\000g\000\040\000q\000u\000a\000n\000\040\001\021\036\303\000\040\000g\000i\036\243\000i\000\040\000m\000\343\000\040\000U\000C\000I\000\040\000t\000r\000o\000n\000g\000\040\000P\000U\000C\000C\000H\000\040\000f\000o\000r\000m\000a\000t\000\040\0000\000.}{}% 8
\BOOKMARK [1][-]{section.3.1}{\376\377\000K\000h\000\341\000i\000\040\000q\000u\000\341\000t\000\040\000v\036\301\000\040\000k\000\352\000n\000h\000\040\000P\000U\000C\000C\000H\000\040\000v\000\340\000\040\000c\000\341\000c\000\040\000f\000o\000r\000m\000a\000t\000.}{chapter.3}% 9
\BOOKMARK [1][-]{section.3.2}{\376\377\000C\000\364\000n\000g\000\040\000t\000h\036\351\000c\000\040\000l\000i\000\352\000n\000\040\000q\000u\000a\000n\000.}{chapter.3}% 10
\BOOKMARK [2][-]{subsection.3.2.1}{\376\377\000T\000\355\000n\000h\000\040\000t\001\260\001\241\000n\000g\000\040\000q\000u\000a\000n\000.}{section.3.2}% 11
\BOOKMARK [1][-]{section.3.3}{\376\377\000C\000\364\000n\000g\000\040\000t\000h\036\351\000c\000\040\001\021\000i\036\301\000u\000\040\000c\000h\036\277\000\040\000k\000\352\000n\000h\000\040\000P\000U\000C\000C\000H\000\040\000f\000o\000r\000m\000a\000t\000\040\0000\000.}{chapter.3}% 12
\BOOKMARK [2][-]{subsection.3.3.1}{\376\377\000C\000h\000u\036\327\000i\000\040\000L\000o\000w\000-\000P\000A\000P\000R\000\040\000\050\000L\000o\000w\000\040\000p\000e\000a\000k\000-\000t\000o\000-\000a\000v\000e\000r\000a\000g\000e\000-\000p\000o\000w\000e\000r\000\040\000r\000a\000t\000i\000o\000\051\000.}{section.3.3}% 13
\BOOKMARK [2][-]{subsection.3.3.2}{\376\377\001\020\036\331\000\040\000d\000\340\000i\000\040\000c\000h\000u\036\327\000i\000\040\000Z\000C\000:\000\040\000M\000Z\000C}{section.3.3}% 14
\BOOKMARK [2][-]{subsection.3.3.3}{\376\377\000C\000h\000u\036\327\000i\000\040\000c\001\241\000\040\000s\036\337\000\040\000r\000u\000,\000v\000\050\000n\000\051}{section.3.3}% 15
\BOOKMARK [2][-]{subsection.3.3.4}{\376\377\000T\000h\000a\000m\000\040\000s\036\321\000\040\000u}{section.3.3}% 16
\BOOKMARK [2][-]{subsection.3.3.5}{\376\377\000G\000i\000\341\000\040\000t\000r\036\313\000\040\000n\000h\036\243\000y\000\040\000d\036\313\000c\000h\000\040\000v\000\362\000n\000g\000\040}{section.3.3}% 17
\BOOKMARK [2][-]{subsection.3.3.6}{\376\377\000C\000\364\000n\000g\000\040\000t\000h\036\351\000c\000\040\000c\036\347\000a\000\040\000f\000o\000r\000m\000a\000t\000\040\0000\000\040\001\021\001\260\036\343\000c\000\040\000t\036\325\000n\000g\000\040\000h\036\343\000p\000\040\000t\000h\000\340\000n\000h\000:}{section.3.3}% 18
\BOOKMARK [1][-]{section.3.4}{\376\377\000Q\000u\000\341\000\040\000t\000r\000\354\000n\000h\000\040\000p\000h\000\341\000t\000\040\000h\000i\036\307\000n\000\040\000c\000h\000u\036\327\000i\000\040\000\050\000s\000e\000q\000u\000e\000n\000c\000e\000\040\000d\000e\000t\000e\000c\000t\000i\000o\000n\000\051\000\040\000d\036\361\000a\000\040\000t\000r\000\352\000n\000\040\000t\001\260\001\241\000n\000g\000\040\000q\000u\000a\000n\000\040\001\021\036\303\000\040\000g\000i\036\243\000i\000\040\000m\000\343\000\040\000U\000C\000I\000\040\000c\036\347\000a\000\040\000P\000U\000C\000C\000H\000\040\000f\000o\000r\000m\000a\000t\000\040\0000\000.}{chapter.3}% 19
\BOOKMARK [2][-]{subsection.3.4.1}{\376\377\000T\001\260\001\241\000n\000g\000\040\000q\000u\000a\000n\000\040\000g\000i\036\357\000a\000\040\0002\000\040\000c\000h\000u\036\327\000i\000.}{section.3.4}% 20
\BOOKMARK [1][-]{section.3.5}{\376\377\000T\000r\000i\036\303\000n\000\040\000k\000h\000a\000i\000\040\000t\000r\000\352\000n\000\040\000M\000A\000T\000L\000A\000B\000.}{chapter.3}% 21
\BOOKMARK [0][-]{chapter.4}{\376\377\000T\000\354\000m\000\040\000h\000i\036\303\000u\000\040\000k\000i\036\277\000n\000\040\000t\000r\000\372\000c\000\040\000A\000I\000\040\000E\000n\000g\000i\000n\000e\000\040\000t\000r\000\352\000n\000\040\000c\000h\000i\000p\000\040\000V\000e\000r\000s\000a\000l\000.}{}% 22
\BOOKMARK [1][-]{section.4.1}{\376\377\000G\000i\036\333\000i\000\040\000t\000h\000i\036\307\000u\000\040\000v\036\301\000\040\000A\000I\000\040\000E\000n\000g\000i\000n\000e\000\040\000v\000\340\000\040\000V\000e\000r\000s\000a\000l}{chapter.4}% 23
\BOOKMARK [1][-]{section.4.2}{\376\377\000V\000e\000r\000s\000a\000l\000\040\000A\000d\000a\000p\000t\000i\000v\000e\000\040\000C\000o\000m\000p\000u\000t\000e\000\040\000A\000c\000c\000e\000l\000e\000r\000a\000t\000i\000o\000n\000\040\000P\000l\000a\000t\000f\000o\000r\000m\000\040\000\050\000V\000e\000r\000s\000a\000l\000\040\000A\000C\000A\000P\000s\000\051}{chapter.4}% 24
\BOOKMARK [1][-]{section.4.3}{\376\377\000A\000I\000\040\000E\000n\000g\000i\000n\000e\000\040\000A\000r\000r\000a\000y\000\040\000F\000e\000a\000t\000u\000r\000e\000s}{chapter.4}% 25
\BOOKMARK [1][-]{section.4.4}{\376\377\000T\036\325\000n\000g\000\040\000q\000u\000a\000n\000\040\000v\036\301\000\040\000m\036\243\000n\000g\000\040\000A\000I\000\040\000E\000n\000g\000i\000n\000e}{chapter.4}% 26
\BOOKMARK [1][-]{section.4.5}{\376\377\000C\036\245\000u\000\040\000t\000r\000\372\000c\000\040\000c\000h\000i\000\040\000t\000i\036\277\000t\000\040\000A\000I\000\040\000E\000n\000g\000i\000n\000e\000\040\000t\000i\000l\000e\000.}{chapter.4}% 27
\BOOKMARK [1][-]{section.4.6}{\376\377\000T\000r\000u\000y\000\040\000c\036\255\000p\000\040\000t\000\340\000i\000\040\000n\000g\000u\000y\000\352\000n\000\040\000q\000u\000a\000\040\000A\000X\000I\0004\000\040\000M\000M}{chapter.4}% 28
\BOOKMARK [1][-]{section.4.7}{\376\377\000A\000X\000I\0004\000-\000S\000t\000r\000e\000a\000m\000\040\000I\000n\000t\000e\000r\000c\000o\000n\000n\000e\000c\000t\000a\000m\000d\000A\000M\0000\0000\0009\000.}{chapter.4}% 29
\BOOKMARK [1][-]{section.4.8}{\376\377\000A\000I\000\040\000E\000n\000g\000i\000n\000e\000\040\000T\000i\000l\000e\000\040\000P\000r\000o\000g\000r\000a\000m\000\040\000M\000e\000m\000o\000r\000y\000a\000m\000d\000A\000M\0000\0000\0009}{chapter.4}% 30
\BOOKMARK [1][-]{section.4.9}{\376\377\000A\000I\000\040\000E\000n\000g\000i\000n\000e\000\040\000I\000n\000t\000e\000r\000f\000a\000c\000e\000s}{chapter.4}% 31
\BOOKMARK [1][-]{section.4.10}{\376\377\000A\000I\000E\000\040\000A\000r\000c\000h\000i\000t\000e\000c\000h\000t\000u\000r\000e}{chapter.4}% 32
\BOOKMARK [1][-]{section.4.11}{\376\377\000C\000o\000d\000e\000\040\000B\000\340\000i\000\040\000t\036\255\000p\000\040\000n\000h\000\342\000n\000\040\000m\000a\000\040\000t\000r\036\255\000n\000\040\000A\000I\000\040\000E\000n\000g\000i\000n\000e}{chapter.4}% 33
\BOOKMARK [0][-]{chapter.5}{\376\377\000K\036\277\000t\000\040\000l\000u\036\255\000n\000\040\000v\000\340\000\040\000h\001\260\036\333\000n\000g\000\040\000p\000h\000\341\000t\000\040\000t\000r\000i\036\303\000n\000.}{}% 34
